Dec 27 10:01:47 symfony [err] {sfError404Exception} Empty module and/or action after parsing the URL "/3" (/).
Dec 27 10:01:47 symfony [info] {sfWebResponse} Send status "HTTP/1.1 404 Not Found"
Dec 27 10:01:47 symfony [info] {sfWebResponse} Send header "Content-Type: text/html; charset=utf-8"
Dec 27 10:01:50 symfony [info] {sfPatternRouting} Match route "homepage" (/) for / with parameters array (  'module' => 'job',  'action' => 'index',)
Dec 27 10:01:50 symfony [info] {sfFilterChain} Executing filter "sfRenderingFilter"
Dec 27 10:01:50 symfony [info] {sfFilterChain} Executing filter "sfExecutionFilter"
Dec 27 10:01:50 symfony [info] {jobActions} Call "jobActions->executeIndex()"
Dec 27 10:01:50 symfony [info] {sfFrontWebController} Redirect to "http://jobeet.local/frontend_cache.php/en/"
Dec 27 10:01:50 symfony [info] {sfWebResponse} Send status "HTTP/1.1 302 Found"
Dec 27 10:01:50 symfony [info] {sfWebResponse} Send header "Location: http://jobeet.local/frontend_cache.php/en/"
Dec 27 10:01:50 symfony [info] {sfWebResponse} Send header "Content-Type: text/html; charset=utf-8"
Dec 27 10:01:50 symfony [info] {sfWebResponse} Send content (113 o)
Dec 27 10:01:50 symfony [info] {sfPatternRouting} Match route "localized_homepage" (/:sf_culture/) for /en/ with parameters array (  'module' => 'job',  'action' => 'index',  'sf_culture' => 'en',)
Dec 27 10:01:50 symfony [info] {sfFilterChain} Executing filter "sfRenderingFilter"
Dec 27 10:01:50 symfony [info] {sfFilterChain} Executing filter "sfExecutionFilter"
Dec 27 10:01:50 symfony [info] {jobActions} Call "jobActions->executeIndex()"
Dec 27 10:01:50 symfony [info] {Doctrine_Connection_Mysql} exec : SET NAMES 'UTF8' - ()
Dec 27 10:01:50 symfony [info] {Doctrine_Connection_Statement} execute : SELECT j.id AS j__id, j.created_at AS j__created_at, j.updated_at AS j__updated_at, j2.id AS j2__id, j2.category_id AS j2__category_id, j2.type AS j2__type, j2.company AS j2__company, j2.logo AS j2__logo, j2.url AS j2__url, j2.position AS j2__position, j2.location AS j2__location, j2.description AS j2__description, j2.how_to_apply AS j2__how_to_apply, j2.token AS j2__token, j2.is_public AS j2__is_public, j2.is_activated AS j2__is_activated, j2.email AS j2__email, j2.expires_at AS j2__expires_at, j2.created_at AS j2__created_at, j2.updated_at AS j2__updated_at FROM jobeet_category j LEFT JOIN jobeet_job j2 ON j.id = j2.category_id WHERE (j2.expires_at > ?) - (2021-12-27 10:01:50)
Dec 27 10:01:50 symfony [info] {sfPHPView} Render "G:\development\jobeet\apps\frontend\modules/job/templates/indexSuccess.php"
Dec 27 10:01:50 symfony [info] {Doctrine_Connection_Statement} execute : SELECT j.id AS j__id, j.name AS j__name, j.lang AS j__lang, j.slug AS j__slug FROM jobeet_category_translation j WHERE (j.id IN (?)) - (5)
Dec 27 10:01:50 symfony [info] {Doctrine_Connection_Statement} execute : SELECT j.id AS j__id, j.category_id AS j__category_id, j.type AS j__type, j.company AS j__company, j.logo AS j__logo, j.url AS j__url, j.position AS j__position, j.location AS j__location, j.description AS j__description, j.how_to_apply AS j__how_to_apply, j.token AS j__token, j.is_public AS j__is_public, j.is_activated AS j__is_activated, j.email AS j__email, j.expires_at AS j__expires_at, j.created_at AS j__created_at, j.updated_at AS j__updated_at FROM jobeet_job j WHERE (j.category_id = ? AND j.is_activated = ?) LIMIT 2 - (5, 1)
Dec 27 10:01:50 symfony [info] {sfPartialView} Render "G:\development\jobeet\apps\frontend\modules/job/templates/_list.php"
Dec 27 10:01:50 symfony [info] {Doctrine_Connection_Statement} execute : SELECT COUNT(*) AS num_results FROM jobeet_job j WHERE j.category_id = ? AND j.is_activated = ? - (5, 1)
Dec 27 10:01:50 symfony [info] {sfPHPView} Decorate content with "G:\development\jobeet\apps\frontend\templates/layout.php"
Dec 27 10:01:50 symfony [info] {sfPHPView} Render "G:\development\jobeet\apps\frontend\templates/layout.php"
Dec 27 10:01:50 symfony [info] {main} Get slot "title"
Dec 27 10:01:50 symfony [info] {Doctrine_Connection_Statement} execute : SELECT j.id AS j__id, j.category_id AS j__category_id, j.type AS j__type, j.company AS j__company, j.logo AS j__logo, j.url AS j__url, j.position AS j__position, j.location AS j__location, j.description AS j__description, j.how_to_apply AS j__how_to_apply, j.token AS j__token, j.is_public AS j__is_public, j.is_activated AS j__is_activated, j.email AS j__email, j.expires_at AS j__expires_at, j.created_at AS j__created_at, j.updated_at AS j__updated_at FROM jobeet_job j WHERE (j.id IN (?, ?, ?)) - (103, 89, 35)
Dec 27 10:01:50 symfony [info] {main} Call "language->executeLanguage()"
Dec 27 10:01:50 symfony [info] {sfPartialView} Render "G:\development\jobeet\apps\frontend\modules/language/templates/_language.php"
Dec 27 10:01:50 symfony [info] {sfWebResponse} Send status "HTTP/1.1 200 OK"
Dec 27 10:01:50 symfony [info] {sfWebResponse} Send header "Content-Type: text/html; charset=utf-8"
Dec 27 10:01:50 symfony [info] {sfWebResponse} Send content (5140 o)
Dec 27 10:02:20 symfony [info] {sfPatternRouting} Match route "localized_homepage" (/:sf_culture/) for /en/ with parameters array (  'module' => 'job',  'action' => 'index',  'sf_culture' => 'en',)
Dec 27 10:02:20 symfony [info] {sfFilterChain} Executing filter "sfRenderingFilter"
Dec 27 10:02:20 symfony [info] {sfFilterChain} Executing filter "sfExecutionFilter"
Dec 27 10:02:20 symfony [info] {jobActions} Call "jobActions->executeIndex()"
Dec 27 10:02:20 symfony [info] {Doctrine_Connection_Mysql} exec : SET NAMES 'UTF8' - ()
Dec 27 10:02:20 symfony [info] {Doctrine_Connection_Statement} execute : SELECT j.id AS j__id, j.created_at AS j__created_at, j.updated_at AS j__updated_at, j2.id AS j2__id, j2.category_id AS j2__category_id, j2.type AS j2__type, j2.company AS j2__company, j2.logo AS j2__logo, j2.url AS j2__url, j2.position AS j2__position, j2.location AS j2__location, j2.description AS j2__description, j2.how_to_apply AS j2__how_to_apply, j2.token AS j2__token, j2.is_public AS j2__is_public, j2.is_activated AS j2__is_activated, j2.email AS j2__email, j2.expires_at AS j2__expires_at, j2.created_at AS j2__created_at, j2.updated_at AS j2__updated_at FROM jobeet_category j LEFT JOIN jobeet_job j2 ON j.id = j2.category_id WHERE (j2.expires_at > ?) - (2021-12-27 10:02:20)
Dec 27 10:02:20 symfony [info] {sfPHPView} Render "G:\development\jobeet\apps\frontend\modules/job/templates/indexSuccess.php"
Dec 27 10:02:20 symfony [info] {Doctrine_Connection_Statement} execute : SELECT j.id AS j__id, j.name AS j__name, j.lang AS j__lang, j.slug AS j__slug FROM jobeet_category_translation j WHERE (j.id IN (?)) - (5)
Dec 27 10:02:20 symfony [info] {Doctrine_Connection_Statement} execute : SELECT j.id AS j__id, j.category_id AS j__category_id, j.type AS j__type, j.company AS j__company, j.logo AS j__logo, j.url AS j__url, j.position AS j__position, j.location AS j__location, j.description AS j__description, j.how_to_apply AS j__how_to_apply, j.token AS j__token, j.is_public AS j__is_public, j.is_activated AS j__is_activated, j.email AS j__email, j.expires_at AS j__expires_at, j.created_at AS j__created_at, j.updated_at AS j__updated_at FROM jobeet_job j WHERE (j.category_id = ? AND j.is_activated = ?) LIMIT 2 - (5, 1)
Dec 27 10:02:20 symfony [info] {sfPartialView} Render "G:\development\jobeet\apps\frontend\modules/job/templates/_list.php"
Dec 27 10:02:20 symfony [info] {Doctrine_Connection_Statement} execute : SELECT COUNT(*) AS num_results FROM jobeet_job j WHERE j.category_id = ? AND j.is_activated = ? - (5, 1)
Dec 27 10:02:20 symfony [info] {sfPHPView} Decorate content with "G:\development\jobeet\apps\frontend\templates/layout.php"
Dec 27 10:02:20 symfony [info] {sfPHPView} Render "G:\development\jobeet\apps\frontend\templates/layout.php"
Dec 27 10:02:20 symfony [info] {main} Get slot "title"
Dec 27 10:02:20 symfony [info] {Doctrine_Connection_Statement} execute : SELECT j.id AS j__id, j.category_id AS j__category_id, j.type AS j__type, j.company AS j__company, j.logo AS j__logo, j.url AS j__url, j.position AS j__position, j.location AS j__location, j.description AS j__description, j.how_to_apply AS j__how_to_apply, j.token AS j__token, j.is_public AS j__is_public, j.is_activated AS j__is_activated, j.email AS j__email, j.expires_at AS j__expires_at, j.created_at AS j__created_at, j.updated_at AS j__updated_at FROM jobeet_job j WHERE (j.id IN (?, ?, ?)) - (103, 89, 35)
Dec 27 10:02:20 symfony [info] {main} Call "language->executeLanguage()"
Dec 27 10:02:20 symfony [info] {sfPartialView} Render "G:\development\jobeet\apps\frontend\modules/language/templates/_language.php"
Dec 27 10:02:20 symfony [info] {sfWebResponse} Send status "HTTP/1.1 200 OK"
Dec 27 10:02:20 symfony [info] {sfWebResponse} Send header "Content-Type: text/html; charset=utf-8"
Dec 27 10:02:20 symfony [info] {sfWebResponse} Send content (5140 o)
Dec 27 10:02:30 symfony [info] {sfPatternRouting} Match route "localized_homepage" (/:sf_culture/) for /en/ with parameters array (  'module' => 'job',  'action' => 'index',  'sf_culture' => 'en',)
Dec 27 10:02:30 symfony [info] {sfFilterChain} Executing filter "sfRenderingFilter"
Dec 27 10:02:30 symfony [info] {sfFilterChain} Executing filter "sfCacheFilter"
Dec 27 10:02:30 symfony [info] {sfFilterChain} Executing filter "sfExecutionFilter"
Dec 27 10:02:30 symfony [info] {jobActions} Call "jobActions->executeIndex()"
Dec 27 10:02:30 symfony [info] {Doctrine_Connection_Mysql} exec : SET NAMES 'UTF8' - ()
Dec 27 10:02:30 symfony [info] {Doctrine_Connection_Statement} execute : SELECT j.id AS j__id, j.created_at AS j__created_at, j.updated_at AS j__updated_at, j2.id AS j2__id, j2.category_id AS j2__category_id, j2.type AS j2__type, j2.company AS j2__company, j2.logo AS j2__logo, j2.url AS j2__url, j2.position AS j2__position, j2.location AS j2__location, j2.description AS j2__description, j2.how_to_apply AS j2__how_to_apply, j2.token AS j2__token, j2.is_public AS j2__is_public, j2.is_activated AS j2__is_activated, j2.email AS j2__email, j2.expires_at AS j2__expires_at, j2.created_at AS j2__created_at, j2.updated_at AS j2__updated_at FROM jobeet_category j LEFT JOIN jobeet_job j2 ON j.id = j2.category_id WHERE (j2.expires_at > ?) - (2021-12-27 10:02:30)
Dec 27 10:02:30 symfony [info] {sfPHPView} Render "G:\development\jobeet\apps\frontend\modules/job/templates/indexSuccess.php"
Dec 27 10:02:30 symfony [info] {Doctrine_Connection_Statement} execute : SELECT j.id AS j__id, j.name AS j__name, j.lang AS j__lang, j.slug AS j__slug FROM jobeet_category_translation j WHERE (j.id IN (?)) - (5)
Dec 27 10:02:30 symfony [info] {Doctrine_Connection_Statement} execute : SELECT j.id AS j__id, j.category_id AS j__category_id, j.type AS j__type, j.company AS j__company, j.logo AS j__logo, j.url AS j__url, j.position AS j__position, j.location AS j__location, j.description AS j__description, j.how_to_apply AS j__how_to_apply, j.token AS j__token, j.is_public AS j__is_public, j.is_activated AS j__is_activated, j.email AS j__email, j.expires_at AS j__expires_at, j.created_at AS j__created_at, j.updated_at AS j__updated_at FROM jobeet_job j WHERE (j.category_id = ? AND j.is_activated = ?) LIMIT 2 - (5, 1)
Dec 27 10:02:30 symfony [info] {sfPartialView} Render "G:\development\jobeet\apps\frontend\modules/job/templates/_list.php"
Dec 27 10:02:30 symfony [info] {Doctrine_Connection_Statement} execute : SELECT COUNT(*) AS num_results FROM jobeet_job j WHERE j.category_id = ? AND j.is_activated = ? - (5, 1)
Dec 27 10:02:30 symfony [info] {sfPHPView} Decorate content with "G:\development\jobeet\apps\frontend\templates/layout.php"
Dec 27 10:02:30 symfony [info] {sfPHPView} Render "G:\development\jobeet\apps\frontend\templates/layout.php"
Dec 27 10:02:30 symfony [info] {main} Get slot "title"
Dec 27 10:02:30 symfony [info] {Doctrine_Connection_Statement} execute : SELECT j.id AS j__id, j.category_id AS j__category_id, j.type AS j__type, j.company AS j__company, j.logo AS j__logo, j.url AS j__url, j.position AS j__position, j.location AS j__location, j.description AS j__description, j.how_to_apply AS j__how_to_apply, j.token AS j__token, j.is_public AS j__is_public, j.is_activated AS j__is_activated, j.email AS j__email, j.expires_at AS j__expires_at, j.created_at AS j__created_at, j.updated_at AS j__updated_at FROM jobeet_job j WHERE (j.id IN (?, ?, ?)) - (103, 89, 35)
Dec 27 10:02:30 symfony [info] {main} Call "language->executeLanguage()"
Dec 27 10:02:31 symfony [info] {sfPartialView} Render "G:\development\jobeet\apps\frontend\modules/language/templates/_language.php"
Dec 27 10:02:31 symfony [info] {sfWebResponse} Send status "HTTP/1.1 200 OK"
Dec 27 10:02:31 symfony [info] {sfWebResponse} Send header "Content-Type: text/html; charset=utf-8"
Dec 27 10:02:31 symfony [info] {sfWebDebugLogger} Configuration 185.79 ms (14)
Dec 27 10:02:31 symfony [info] {sfWebDebugLogger} Factories 145.52 ms (1)
Dec 27 10:02:31 symfony [info] {sfWebDebugLogger} Action "job/index" 127.23 ms (1)
Dec 27 10:02:31 symfony [info] {sfWebDebugLogger} Database (Doctrine) 4.10 ms (6)
Dec 27 10:02:31 symfony [info] {sfWebDebugLogger} View "Success" for "job/index" 76.05 ms (1)
Dec 27 10:02:31 symfony [info] {sfWebDebugLogger} Partial "job/_list" 1.09 ms (1)
Dec 27 10:02:31 symfony [info] {sfWebDebugLogger} Component "language/language" 12.09 ms (1)
Dec 27 10:02:31 symfony [info] {sfWebDebugLogger} Partial "language/_language" 2.52 ms (1)
Dec 27 10:02:31 symfony [info] {sfWebResponse} Send content (56015 o)
Dec 27 10:05:26 symfony [info] {sfPatternRouting} Match route "localized_homepage" (/:sf_culture/) for /en/ with parameters array (  'module' => 'job',  'action' => 'index',  'sf_culture' => 'en',)
Dec 27 10:05:26 symfony [info] {sfFilterChain} Executing filter "sfRenderingFilter"
Dec 27 10:05:26 symfony [info] {sfFilterChain} Executing filter "sfCacheFilter"
Dec 27 10:05:26 symfony [info] {sfViewCacheManager} Cache for "job/index?sf_culture=en" does not exist
Dec 27 10:05:26 symfony [info] {sfFilterChain} Executing filter "sfExecutionFilter"
Dec 27 10:05:26 symfony [info] {jobActions} Call "jobActions->executeIndex()"
Dec 27 10:05:26 symfony [info] {Doctrine_Connection_Mysql} exec : SET NAMES 'UTF8' - ()
Dec 27 10:05:26 symfony [info] {Doctrine_Connection_Statement} execute : SELECT j.id AS j__id, j.created_at AS j__created_at, j.updated_at AS j__updated_at, j2.id AS j2__id, j2.category_id AS j2__category_id, j2.type AS j2__type, j2.company AS j2__company, j2.logo AS j2__logo, j2.url AS j2__url, j2.position AS j2__position, j2.location AS j2__location, j2.description AS j2__description, j2.how_to_apply AS j2__how_to_apply, j2.token AS j2__token, j2.is_public AS j2__is_public, j2.is_activated AS j2__is_activated, j2.email AS j2__email, j2.expires_at AS j2__expires_at, j2.created_at AS j2__created_at, j2.updated_at AS j2__updated_at FROM jobeet_category j LEFT JOIN jobeet_job j2 ON j.id = j2.category_id WHERE (j2.expires_at > ?) - (2021-12-27 10:05:26)
Dec 27 10:05:26 symfony [info] {sfPHPView} Render "G:\development\jobeet\apps\frontend\modules/job/templates/indexSuccess.php"
Dec 27 10:05:26 symfony [info] {Doctrine_Connection_Statement} execute : SELECT j.id AS j__id, j.name AS j__name, j.lang AS j__lang, j.slug AS j__slug FROM jobeet_category_translation j WHERE (j.id IN (?)) - (5)
Dec 27 10:05:26 symfony [info] {Doctrine_Connection_Statement} execute : SELECT j.id AS j__id, j.category_id AS j__category_id, j.type AS j__type, j.company AS j__company, j.logo AS j__logo, j.url AS j__url, j.position AS j__position, j.location AS j__location, j.description AS j__description, j.how_to_apply AS j__how_to_apply, j.token AS j__token, j.is_public AS j__is_public, j.is_activated AS j__is_activated, j.email AS j__email, j.expires_at AS j__expires_at, j.created_at AS j__created_at, j.updated_at AS j__updated_at FROM jobeet_job j WHERE (j.category_id = ? AND j.is_activated = ?) LIMIT 2 - (5, 1)
Dec 27 10:05:26 symfony [info] {sfPartialView} Render "G:\development\jobeet\apps\frontend\modules/job/templates/_list.php"
Dec 27 10:05:26 symfony [info] {Doctrine_Connection_Statement} execute : SELECT COUNT(*) AS num_results FROM jobeet_job j WHERE j.category_id = ? AND j.is_activated = ? - (5, 1)
Dec 27 10:05:26 symfony [info] {sfPHPView} Decorate content with "G:\development\jobeet\apps\frontend\templates/layout.php"
Dec 27 10:05:26 symfony [info] {sfPHPView} Render "G:\development\jobeet\apps\frontend\templates/layout.php"
Dec 27 10:05:26 symfony [info] {main} Get slot "title"
Dec 27 10:05:26 symfony [info] {Doctrine_Connection_Statement} execute : SELECT j.id AS j__id, j.category_id AS j__category_id, j.type AS j__type, j.company AS j__company, j.logo AS j__logo, j.url AS j__url, j.position AS j__position, j.location AS j__location, j.description AS j__description, j.how_to_apply AS j__how_to_apply, j.token AS j__token, j.is_public AS j__is_public, j.is_activated AS j__is_activated, j.email AS j__email, j.expires_at AS j__expires_at, j.created_at AS j__created_at, j.updated_at AS j__updated_at FROM jobeet_job j WHERE (j.id IN (?, ?, ?)) - (103, 89, 35)
Dec 27 10:05:26 symfony [info] {main} Call "language->executeLanguage()"
Dec 27 10:05:26 symfony [info] {sfPartialView} Render "G:\development\jobeet\apps\frontend\modules/language/templates/_language.php"
Dec 27 10:05:26 symfony [info] {sfViewCacheManager} Save cache for "job/index?sf_culture=en"
Dec 27 10:05:26 symfony [info] {sfWebResponse} Send status "HTTP/1.1 200 OK"
Dec 27 10:05:26 symfony [info] {sfWebResponse} Send header "Content-Type: text/html; charset=utf-8"
Dec 27 10:05:26 symfony [info] {sfWebResponse} Send header "Expires: Tue, 28 Dec 2021 15:05:26 GMT"
Dec 27 10:05:26 symfony [info] {sfWebResponse} Send header "Cache-Control: max-age=86400"
Dec 27 10:05:26 symfony [info] {sfWebDebugLogger} Configuration 90.38 ms (14)
Dec 27 10:05:26 symfony [info] {sfWebDebugLogger} Factories 47.94 ms (1)
Dec 27 10:05:26 symfony [info] {sfWebDebugLogger} Action "job/index" 130.47 ms (1)
Dec 27 10:05:26 symfony [info] {sfWebDebugLogger} Database (Doctrine) 3.70 ms (6)
Dec 27 10:05:26 symfony [info] {sfWebDebugLogger} View "Success" for "job/index" 57.70 ms (1)
Dec 27 10:05:26 symfony [info] {sfWebDebugLogger} Partial "job/_list" 1.04 ms (1)
Dec 27 10:05:26 symfony [info] {sfWebDebugLogger} Component "language/language" 11.03 ms (1)
Dec 27 10:05:26 symfony [info] {sfWebDebugLogger} Partial "language/_language" 2.23 ms (1)
Dec 27 10:05:26 symfony [info] {sfWebResponse} Send content (59060 o)
Dec 27 10:05:49 symfony [info] {sfPatternRouting} Match route "localized_homepage" (/:sf_culture/) for /en/ with parameters array (  'module' => 'job',  'action' => 'index',  'sf_culture' => 'en',)
Dec 27 10:05:49 symfony [info] {sfFilterChain} Executing filter "sfRenderingFilter"
Dec 27 10:05:49 symfony [info] {sfFilterChain} Executing filter "sfCacheFilter"
Dec 27 10:05:49 symfony [info] {sfViewCacheManager} Cache for "job/index?sf_culture=en" exists
Dec 27 10:05:49 symfony [info] {sfWebResponse} Send status "HTTP/1.1 200 OK"
Dec 27 10:05:49 symfony [info] {sfWebResponse} Send header "Content-Type: text/html; charset=utf-8"
Dec 27 10:05:49 symfony [info] {sfWebResponse} Send header "Expires: Tue, 28 Dec 2021 15:05:26 GMT"
Dec 27 10:05:49 symfony [info] {sfWebResponse} Send header "Cache-Control: max-age=86400"
Dec 27 10:05:49 symfony [info] {sfWebDebugLogger} Configuration 2.75 ms (9)
Dec 27 10:05:49 symfony [info] {sfWebDebugLogger} Factories 39.27 ms (1)
Dec 27 10:05:49 symfony [info] {sfWebResponse} Send content (36460 o)
Dec 27 10:11:36 symfony [info] {sfPatternRouting} Match route "localized_homepage" (/:sf_culture/) for /en/ with parameters array (  'module' => 'job',  'action' => 'index',  'sf_culture' => 'en',)
Dec 27 10:11:36 symfony [info] {sfFilterChain} Executing filter "sfRenderingFilter"
Dec 27 10:11:36 symfony [info] {sfFilterChain} Executing filter "sfCacheFilter"
Dec 27 10:11:36 symfony [info] {sfViewCacheManager} Cache for "job/index?sf_culture=en" exists
Dec 27 10:11:36 symfony [info] {sfWebResponse} Send status "HTTP/1.1 200 OK"
Dec 27 10:11:36 symfony [info] {sfWebResponse} Send header "Content-Type: text/html; charset=utf-8"
Dec 27 10:11:36 symfony [info] {sfWebResponse} Send header "Expires: Tue, 28 Dec 2021 15:05:26 GMT"
Dec 27 10:11:36 symfony [info] {sfWebResponse} Send header "Cache-Control: max-age=86400"
Dec 27 10:11:36 symfony [info] {sfWebDebugLogger} Configuration 21.03 ms (10)
Dec 27 10:11:36 symfony [info] {sfWebDebugLogger} Factories 40.92 ms (1)
Dec 27 10:11:36 symfony [info] {sfWebResponse} Send content (36465 o)
Dec 27 10:11:48 symfony [info] {sfPatternRouting} Match route "localized_homepage" (/:sf_culture/) for /en/ with parameters array (  'module' => 'job',  'action' => 'index',  'sf_culture' => 'en',)
Dec 27 10:11:48 symfony [info] {sfFilterChain} Executing filter "sfRenderingFilter"
Dec 27 10:11:48 symfony [info] {sfFilterChain} Executing filter "sfCacheFilter"
Dec 27 10:11:48 symfony [info] {sfViewCacheManager} Cache for "job/index?sf_culture=en" does not exist
Dec 27 10:11:48 symfony [info] {sfFilterChain} Executing filter "sfExecutionFilter"
Dec 27 10:11:48 symfony [info] {jobActions} Call "jobActions->executeIndex()"
Dec 27 10:11:48 symfony [info] {Doctrine_Connection_Mysql} exec : SET NAMES 'UTF8' - ()
Dec 27 10:11:48 symfony [info] {Doctrine_Connection_Statement} execute : SELECT j.id AS j__id, j.created_at AS j__created_at, j.updated_at AS j__updated_at, j2.id AS j2__id, j2.category_id AS j2__category_id, j2.type AS j2__type, j2.company AS j2__company, j2.logo AS j2__logo, j2.url AS j2__url, j2.position AS j2__position, j2.location AS j2__location, j2.description AS j2__description, j2.how_to_apply AS j2__how_to_apply, j2.token AS j2__token, j2.is_public AS j2__is_public, j2.is_activated AS j2__is_activated, j2.email AS j2__email, j2.expires_at AS j2__expires_at, j2.created_at AS j2__created_at, j2.updated_at AS j2__updated_at FROM jobeet_category j LEFT JOIN jobeet_job j2 ON j.id = j2.category_id WHERE (j2.expires_at > ?) - (2021-12-27 10:11:48)
Dec 27 10:11:48 symfony [info] {sfPHPView} Render "G:\development\jobeet\apps\frontend\modules/job/templates/indexSuccess.php"
Dec 27 10:11:48 symfony [info] {Doctrine_Connection_Statement} execute : SELECT j.id AS j__id, j.name AS j__name, j.lang AS j__lang, j.slug AS j__slug FROM jobeet_category_translation j WHERE (j.id IN (?)) - (5)
Dec 27 10:11:48 symfony [info] {Doctrine_Connection_Statement} execute : SELECT j.id AS j__id, j.category_id AS j__category_id, j.type AS j__type, j.company AS j__company, j.logo AS j__logo, j.url AS j__url, j.position AS j__position, j.location AS j__location, j.description AS j__description, j.how_to_apply AS j__how_to_apply, j.token AS j__token, j.is_public AS j__is_public, j.is_activated AS j__is_activated, j.email AS j__email, j.expires_at AS j__expires_at, j.created_at AS j__created_at, j.updated_at AS j__updated_at FROM jobeet_job j WHERE (j.category_id = ? AND j.is_activated = ?) LIMIT 2 - (5, 1)
Dec 27 10:11:48 symfony [info] {sfPartialView} Render "G:\development\jobeet\apps\frontend\modules/job/templates/_list.php"
Dec 27 10:11:48 symfony [info] {Doctrine_Connection_Statement} execute : SELECT COUNT(*) AS num_results FROM jobeet_job j WHERE j.category_id = ? AND j.is_activated = ? - (5, 1)
Dec 27 10:11:48 symfony [info] {sfPHPView} Decorate content with "G:\development\jobeet\apps\frontend\templates/layout.php"
Dec 27 10:11:48 symfony [info] {sfPHPView} Render "G:\development\jobeet\apps\frontend\templates/layout.php"
Dec 27 10:11:48 symfony [info] {main} Get slot "title"
Dec 27 10:11:48 symfony [info] {Doctrine_Connection_Statement} execute : SELECT j.id AS j__id, j.category_id AS j__category_id, j.type AS j__type, j.company AS j__company, j.logo AS j__logo, j.url AS j__url, j.position AS j__position, j.location AS j__location, j.description AS j__description, j.how_to_apply AS j__how_to_apply, j.token AS j__token, j.is_public AS j__is_public, j.is_activated AS j__is_activated, j.email AS j__email, j.expires_at AS j__expires_at, j.created_at AS j__created_at, j.updated_at AS j__updated_at FROM jobeet_job j WHERE (j.id IN (?, ?, ?)) - (103, 89, 35)
Dec 27 10:11:48 symfony [info] {main} Call "language->executeLanguage()"
Dec 27 10:11:49 symfony [info] {sfPartialView} Render "G:\development\jobeet\apps\frontend\modules/language/templates/_language.php"
Dec 27 10:11:49 symfony [info] {sfViewCacheManager} Save cache for "job/index?sf_culture=en"
Dec 27 10:11:49 symfony [info] {sfWebResponse} Send status "HTTP/1.1 200 OK"
Dec 27 10:11:49 symfony [info] {sfWebResponse} Send header "Content-Type: text/html; charset=utf-8"
Dec 27 10:11:49 symfony [info] {sfWebResponse} Send header "Expires: Tue, 28 Dec 2021 15:11:49 GMT"
Dec 27 10:11:49 symfony [info] {sfWebResponse} Send header "Cache-Control: max-age=86400"
Dec 27 10:11:49 symfony [info] {sfWebDebugLogger} Configuration 181.71 ms (14)
Dec 27 10:11:49 symfony [info] {sfWebDebugLogger} Factories 98.03 ms (1)
Dec 27 10:11:49 symfony [info] {sfWebDebugLogger} Action "job/index" 130.40 ms (1)
Dec 27 10:11:49 symfony [info] {sfWebDebugLogger} Database (Doctrine) 3.50 ms (6)
Dec 27 10:11:49 symfony [info] {sfWebDebugLogger} View "Success" for "job/index" 75.75 ms (1)
Dec 27 10:11:49 symfony [info] {sfWebDebugLogger} Partial "job/_list" 1.09 ms (1)
Dec 27 10:11:49 symfony [info] {sfWebDebugLogger} Component "language/language" 11.84 ms (1)
Dec 27 10:11:49 symfony [info] {sfWebDebugLogger} Partial "language/_language" 2.26 ms (1)
Dec 27 10:11:49 symfony [info] {sfWebResponse} Send content (59061 o)
Dec 27 10:12:16 symfony [info] {sfPatternRouting} Match route "localized_homepage" (/:sf_culture/) for /en/ with parameters array (  'module' => 'job',  'action' => 'index',  'sf_culture' => 'en',)
Dec 27 10:12:16 symfony [info] {sfFilterChain} Executing filter "sfRenderingFilter"
Dec 27 10:12:16 symfony [info] {sfFilterChain} Executing filter "sfCacheFilter"
Dec 27 10:12:16 symfony [info] {sfFilterChain} Executing filter "sfExecutionFilter"
Dec 27 10:12:16 symfony [info] {sfViewCacheManager} Cache for "job/index?sf_culture=en" exists
Dec 27 10:12:30 symfony [info] {sfPatternRouting} Match route "localized_homepage" (/:sf_culture/) for /en/ with parameters array (  'module' => 'job',  'action' => 'index',  'sf_culture' => 'en',)
Dec 27 10:12:30 symfony [info] {sfFilterChain} Executing filter "sfRenderingFilter"
Dec 27 10:12:30 symfony [info] {sfFilterChain} Executing filter "sfCacheFilter"
Dec 27 10:12:30 symfony [info] {sfViewCacheManager} Cache for "job/index?sf_culture=en" exists
Dec 27 10:12:30 symfony [info] {sfWebResponse} Send status "HTTP/1.1 200 OK"
Dec 27 10:12:30 symfony [info] {sfWebResponse} Send header "Content-Type: text/html; charset=utf-8"
Dec 27 10:12:30 symfony [info] {sfWebResponse} Send header "Expires: Tue, 28 Dec 2021 15:11:49 GMT"
Dec 27 10:12:30 symfony [info] {sfWebResponse} Send header "Cache-Control: max-age=86400"
Dec 27 10:12:30 symfony [info] {sfWebDebugLogger} Configuration 21.94 ms (10)
Dec 27 10:12:30 symfony [info] {sfWebDebugLogger} Factories 38.04 ms (1)
Dec 27 10:12:30 symfony [info] {sfWebResponse} Send content (36464 o)
Dec 27 10:12:36 symfony [info] {sfPatternRouting} Match route "localized_homepage" (/:sf_culture/) for /en/ with parameters array (  'module' => 'job',  'action' => 'index',  'sf_culture' => 'en',)
Dec 27 10:12:37 symfony [info] {sfFilterChain} Executing filter "sfRenderingFilter"
Dec 27 10:12:37 symfony [info] {sfFilterChain} Executing filter "sfCacheFilter"
Dec 27 10:12:37 symfony [info] {sfFilterChain} Executing filter "sfExecutionFilter"
Dec 27 10:12:37 symfony [info] {sfViewCacheManager} Cache for "job/index?sf_culture=en" exists
Dec 27 10:12:44 symfony [info] {sfPatternRouting} Match route "localized_homepage" (/:sf_culture/) for /en/ with parameters array (  'module' => 'job',  'action' => 'index',  'sf_culture' => 'en',)
Dec 27 10:12:44 symfony [info] {sfFilterChain} Executing filter "sfRenderingFilter"
Dec 27 10:12:44 symfony [info] {sfFilterChain} Executing filter "sfCacheFilter"
Dec 27 10:12:44 symfony [info] {sfFilterChain} Executing filter "sfExecutionFilter"
Dec 27 10:12:44 symfony [info] {jobActions} Call "jobActions->executeIndex()"
Dec 27 10:12:44 symfony [info] {Doctrine_Connection_Mysql} exec : SET NAMES 'UTF8' - ()
Dec 27 10:12:44 symfony [info] {Doctrine_Connection_Statement} execute : SELECT j.id AS j__id, j.created_at AS j__created_at, j.updated_at AS j__updated_at, j2.id AS j2__id, j2.category_id AS j2__category_id, j2.type AS j2__type, j2.company AS j2__company, j2.logo AS j2__logo, j2.url AS j2__url, j2.position AS j2__position, j2.location AS j2__location, j2.description AS j2__description, j2.how_to_apply AS j2__how_to_apply, j2.token AS j2__token, j2.is_public AS j2__is_public, j2.is_activated AS j2__is_activated, j2.email AS j2__email, j2.expires_at AS j2__expires_at, j2.created_at AS j2__created_at, j2.updated_at AS j2__updated_at FROM jobeet_category j LEFT JOIN jobeet_job j2 ON j.id = j2.category_id WHERE (j2.expires_at > ?) - (2021-12-27 10:12:44)
Dec 27 10:12:44 symfony [info] {sfViewCacheManager} Cache for "job/index?sf_culture=en" does not exist
Dec 27 10:12:44 symfony [info] {sfPHPView} Render "G:\development\jobeet\apps\frontend\modules/job/templates/indexSuccess.php"
Dec 27 10:12:44 symfony [info] {Doctrine_Connection_Statement} execute : SELECT j.id AS j__id, j.name AS j__name, j.lang AS j__lang, j.slug AS j__slug FROM jobeet_category_translation j WHERE (j.id IN (?)) - (5)
Dec 27 10:12:44 symfony [info] {Doctrine_Connection_Statement} execute : SELECT j.id AS j__id, j.category_id AS j__category_id, j.type AS j__type, j.company AS j__company, j.logo AS j__logo, j.url AS j__url, j.position AS j__position, j.location AS j__location, j.description AS j__description, j.how_to_apply AS j__how_to_apply, j.token AS j__token, j.is_public AS j__is_public, j.is_activated AS j__is_activated, j.email AS j__email, j.expires_at AS j__expires_at, j.created_at AS j__created_at, j.updated_at AS j__updated_at FROM jobeet_job j WHERE (j.category_id = ? AND j.is_activated = ?) LIMIT 2 - (5, 1)
Dec 27 10:12:44 symfony [info] {sfPartialView} Render "G:\development\jobeet\apps\frontend\modules/job/templates/_list.php"
Dec 27 10:12:44 symfony [info] {Doctrine_Connection_Statement} execute : SELECT COUNT(*) AS num_results FROM jobeet_job j WHERE j.category_id = ? AND j.is_activated = ? - (5, 1)
Dec 27 10:12:44 symfony [info] {sfViewCacheManager} Save cache for "job/index?sf_culture=en"
Dec 27 10:12:44 symfony [info] {sfPHPView} Decorate content with "G:\development\jobeet\apps\frontend\templates/layout.php"
Dec 27 10:12:44 symfony [info] {sfPHPView} Render "G:\development\jobeet\apps\frontend\templates/layout.php"
Dec 27 10:12:44 symfony [info] {main} Get slot "title"
Dec 27 10:12:44 symfony [info] {Doctrine_Connection_Statement} execute : SELECT j.id AS j__id, j.category_id AS j__category_id, j.type AS j__type, j.company AS j__company, j.logo AS j__logo, j.url AS j__url, j.position AS j__position, j.location AS j__location, j.description AS j__description, j.how_to_apply AS j__how_to_apply, j.token AS j__token, j.is_public AS j__is_public, j.is_activated AS j__is_activated, j.email AS j__email, j.expires_at AS j__expires_at, j.created_at AS j__created_at, j.updated_at AS j__updated_at FROM jobeet_job j WHERE (j.id IN (?, ?, ?)) - (103, 89, 35)
Dec 27 10:12:44 symfony [info] {main} Call "language->executeLanguage()"
Dec 27 10:12:44 symfony [info] {sfPartialView} Render "G:\development\jobeet\apps\frontend\modules/language/templates/_language.php"
Dec 27 10:12:44 symfony [info] {sfWebResponse} Send status "HTTP/1.1 200 OK"
Dec 27 10:12:44 symfony [info] {sfWebResponse} Send header "Content-Type: text/html; charset=utf-8"
Dec 27 10:12:44 symfony [info] {sfWebDebugLogger} Configuration 182.91 ms (14)
Dec 27 10:12:44 symfony [info] {sfWebDebugLogger} Factories 96.85 ms (1)
Dec 27 10:12:44 symfony [info] {sfWebDebugLogger} Action "job/index" 136.56 ms (1)
Dec 27 10:12:44 symfony [info] {sfWebDebugLogger} Database (Doctrine) 4.57 ms (6)
Dec 27 10:12:44 symfony [info] {sfWebDebugLogger} View "Success" for "job/index" 102.21 ms (1)
Dec 27 10:12:44 symfony [info] {sfWebDebugLogger} Partial "job/_list" 1.81 ms (1)
Dec 27 10:12:44 symfony [info] {sfWebDebugLogger} Component "language/language" 13.62 ms (1)
Dec 27 10:12:44 symfony [info] {sfWebDebugLogger} Partial "language/_language" 2.41 ms (1)
Dec 27 10:12:44 symfony [info] {sfWebResponse} Send content (58180 o)
Dec 27 10:13:18 symfony [info] {sfPatternRouting} Match route "localized_homepage" (/:sf_culture/) for /en/ with parameters array (  'module' => 'job',  'action' => 'index',  'sf_culture' => 'en',)
Dec 27 10:13:18 symfony [info] {sfFilterChain} Executing filter "sfRenderingFilter"
Dec 27 10:13:18 symfony [info] {sfFilterChain} Executing filter "sfCacheFilter"
Dec 27 10:13:18 symfony [info] {sfFilterChain} Executing filter "sfExecutionFilter"
Dec 27 10:13:18 symfony [info] {sfViewCacheManager} Cache for "job/index?sf_culture=en" exists
Dec 27 10:13:18 symfony [info] {sfPHPView} Decorate content with "G:\development\jobeet\apps\frontend\templates/layout.php"
Dec 27 10:13:18 symfony [info] {sfPHPView} Render "G:\development\jobeet\apps\frontend\templates/layout.php"
Dec 27 10:13:18 symfony [info] {main} Get slot "title"
Dec 27 10:13:18 symfony [info] {Doctrine_Connection_Mysql} exec : SET NAMES 'UTF8' - ()
Dec 27 10:13:18 symfony [info] {Doctrine_Connection_Statement} execute : SELECT j.id AS j__id, j.category_id AS j__category_id, j.type AS j__type, j.company AS j__company, j.logo AS j__logo, j.url AS j__url, j.position AS j__position, j.location AS j__location, j.description AS j__description, j.how_to_apply AS j__how_to_apply, j.token AS j__token, j.is_public AS j__is_public, j.is_activated AS j__is_activated, j.email AS j__email, j.expires_at AS j__expires_at, j.created_at AS j__created_at, j.updated_at AS j__updated_at FROM jobeet_job j WHERE (j.id IN (?, ?, ?)) - (103, 89, 35)
Dec 27 10:13:18 symfony [info] {sfViewCacheManager} Generate cache key
Dec 27 10:13:18 symfony [info] {sfViewCacheManager} Cache for "@sf_cache_partial?module=language&action=_language&sf_cache_key=40cd750bba9870f18aada2478b24840a" does not exist
Dec 27 10:13:18 symfony [info] {main} Call "language->executeLanguage()"
Dec 27 10:13:18 symfony [info] {sfViewCacheManager} Cache for "@sf_cache_partial?module=language&action=_language&sf_cache_key=40cd750bba9870f18aada2478b24840a" does not exist
Dec 27 10:13:18 symfony [info] {sfPartialView} Render "G:\development\jobeet\apps\frontend\modules/language/templates/_language.php"
Dec 27 10:13:18 symfony [info] {sfViewCacheManager} Save cache for "@sf_cache_partial?module=language&action=_language&sf_cache_key=40cd750bba9870f18aada2478b24840a"
Dec 27 10:13:18 symfony [info] {sfWebResponse} Send status "HTTP/1.1 200 OK"
Dec 27 10:13:18 symfony [info] {sfWebResponse} Send header "Content-Type: text/html; charset=utf-8"
Dec 27 10:13:18 symfony [info] {sfWebDebugLogger} Configuration 32.32 ms (14)
Dec 27 10:13:18 symfony [info] {sfWebDebugLogger} Factories 38.86 ms (1)
Dec 27 10:13:18 symfony [info] {sfWebDebugLogger} Action "job/index" 0.81 ms (1)
Dec 27 10:13:18 symfony [info] {sfWebDebugLogger} View "Success" for "job/index" 102.19 ms (1)
Dec 27 10:13:18 symfony [info] {sfWebDebugLogger} Database (Doctrine) 0.96 ms (2)
Dec 27 10:13:18 symfony [info] {sfWebDebugLogger} Component "language/language" 14.50 ms (1)
Dec 27 10:13:18 symfony [info] {sfWebDebugLogger} Partial "language/_language" 16.25 ms (1)
Dec 27 10:13:18 symfony [info] {sfWebResponse} Send content (48532 o)
Dec 27 10:15:19 symfony [info] {sfPatternRouting} Match route "localized_homepage" (/:sf_culture/) for /en/ with parameters array (  'module' => 'job',  'action' => 'index',  'sf_culture' => 'en',)
Dec 27 10:15:19 symfony [info] {sfFilterChain} Executing filter "sfRenderingFilter"
Dec 27 10:15:19 symfony [info] {sfFilterChain} Executing filter "sfCacheFilter"
Dec 27 10:15:19 symfony [info] {sfFilterChain} Executing filter "sfExecutionFilter"
Dec 27 10:15:19 symfony [info] {sfViewCacheManager} Cache for "job/index?sf_culture=en" exists
Dec 27 10:15:19 symfony [info] {sfPHPView} Decorate content with "G:\development\jobeet\apps\frontend\templates/layout.php"
Dec 27 10:15:19 symfony [info] {sfPHPView} Render "G:\development\jobeet\apps\frontend\templates/layout.php"
Dec 27 10:15:19 symfony [info] {main} Get slot "title"
Dec 27 10:15:19 symfony [info] {Doctrine_Connection_Mysql} exec : SET NAMES 'UTF8' - ()
Dec 27 10:15:19 symfony [info] {Doctrine_Connection_Statement} execute : SELECT j.id AS j__id, j.category_id AS j__category_id, j.type AS j__type, j.company AS j__company, j.logo AS j__logo, j.url AS j__url, j.position AS j__position, j.location AS j__location, j.description AS j__description, j.how_to_apply AS j__how_to_apply, j.token AS j__token, j.is_public AS j__is_public, j.is_activated AS j__is_activated, j.email AS j__email, j.expires_at AS j__expires_at, j.created_at AS j__created_at, j.updated_at AS j__updated_at FROM jobeet_job j WHERE (j.id IN (?, ?, ?)) - (103, 89, 35)
Dec 27 10:15:19 symfony [info] {sfViewCacheManager} Generate cache key
Dec 27 10:15:19 symfony [info] {sfViewCacheManager} Cache for "@sf_cache_partial?module=language&action=_language&sf_cache_key=40cd750bba9870f18aada2478b24840a" exists
Dec 27 10:15:19 symfony [info] {sfWebResponse} Send status "HTTP/1.1 200 OK"
Dec 27 10:15:19 symfony [info] {sfWebResponse} Send header "Content-Type: text/html; charset=utf-8"
Dec 27 10:15:19 symfony [info] {sfWebDebugLogger} Configuration 25.32 ms (13)
Dec 27 10:15:19 symfony [info] {sfWebDebugLogger} Factories 36.18 ms (1)
Dec 27 10:15:19 symfony [info] {sfWebDebugLogger} Action "job/index" 0.96 ms (1)
Dec 27 10:15:19 symfony [info] {sfWebDebugLogger} View "Success" for "job/index" 56.89 ms (1)
Dec 27 10:15:19 symfony [info] {sfWebDebugLogger} Database (Doctrine) 1.04 ms (2)
Dec 27 10:15:19 symfony [info] {sfWebResponse} Send content (44746 o)
Dec 27 10:15:28 symfony [info] {sfPatternRouting} Match route "job_new" (/:sf_culture/job/new.:sf_format) for /en/job/new with parameters array (  'module' => 'job',  'action' => 'new',  'sf_format' => 'html',  'sf_culture' => 'en',)
Dec 27 10:15:28 symfony [info] {sfFilterChain} Executing filter "sfRenderingFilter"
Dec 27 10:15:28 symfony [info] {sfFilterChain} Executing filter "sfCacheFilter"
Dec 27 10:15:28 symfony [info] {sfFilterChain} Executing filter "sfExecutionFilter"
Dec 27 10:15:28 symfony [info] {jobActions} Call "jobActions->executeNew()"
Dec 27 10:15:28 symfony [info] {sfViewCacheManager} Cache for "job/new?sf_culture=en&sf_format=html" does not exist
Dec 27 10:15:28 symfony [info] {sfPHPView} Render "G:\development\jobeet\apps\frontend\modules/job/templates/newSuccess.php"
Dec 27 10:15:28 symfony [info] {sfPartialView} Render "G:\development\jobeet\apps\frontend\modules/job/templates/_form.php"
Dec 27 10:15:28 symfony [info] {Doctrine_Connection_Mysql} exec : SET NAMES 'UTF8' - ()
Dec 27 10:15:28 symfony [info] {Doctrine_Connection_Mysql} query : SELECT j.id AS j__id, j.created_at AS j__created_at, j.updated_at AS j__updated_at FROM jobeet_category j - ()
Dec 27 10:15:28 symfony [info] {Doctrine_Connection_Statement} execute : SELECT j.id AS j__id, j.name AS j__name, j.lang AS j__lang, j.slug AS j__slug FROM jobeet_category_translation j WHERE (j.id IN (?)) - (5)
Dec 27 10:15:28 symfony [info] {Doctrine_Connection_Statement} execute : SELECT j.id AS j__id, j.name AS j__name, j.lang AS j__lang, j.slug AS j__slug FROM jobeet_category_translation j WHERE (j.id IN (?)) - (6)
Dec 27 10:15:28 symfony [info] {Doctrine_Connection_Statement} execute : SELECT j.id AS j__id, j.name AS j__name, j.lang AS j__lang, j.slug AS j__slug FROM jobeet_category_translation j WHERE (j.id IN (?)) - (7)
Dec 27 10:15:28 symfony [info] {Doctrine_Connection_Statement} execute : SELECT j.id AS j__id, j.name AS j__name, j.lang AS j__lang, j.slug AS j__slug FROM jobeet_category_translation j WHERE (j.id IN (?)) - (8)
Dec 27 10:15:28 symfony [info] {sfViewCacheManager} Save cache for "job/new?sf_culture=en&sf_format=html"
Dec 27 10:15:28 symfony [info] {sfPHPView} Decorate content with "G:\development\jobeet\apps\frontend\templates/layout.php"
Dec 27 10:15:28 symfony [info] {sfPHPView} Render "G:\development\jobeet\apps\frontend\templates/layout.php"
Dec 27 10:15:28 symfony [info] {main} Get slot "title"
Dec 27 10:15:28 symfony [info] {Doctrine_Connection_Statement} execute : SELECT j.id AS j__id, j.category_id AS j__category_id, j.type AS j__type, j.company AS j__company, j.logo AS j__logo, j.url AS j__url, j.position AS j__position, j.location AS j__location, j.description AS j__description, j.how_to_apply AS j__how_to_apply, j.token AS j__token, j.is_public AS j__is_public, j.is_activated AS j__is_activated, j.email AS j__email, j.expires_at AS j__expires_at, j.created_at AS j__created_at, j.updated_at AS j__updated_at FROM jobeet_job j WHERE (j.id IN (?, ?, ?)) - (103, 89, 35)
Dec 27 10:15:28 symfony [info] {sfViewCacheManager} Generate cache key
Dec 27 10:15:28 symfony [info] {sfViewCacheManager} Cache for "@sf_cache_partial?module=language&action=_language&sf_cache_key=40cd750bba9870f18aada2478b24840a" exists
Dec 27 10:15:28 symfony [info] {sfWebResponse} Send status "HTTP/1.1 200 OK"
Dec 27 10:15:28 symfony [info] {sfWebResponse} Send header "Content-Type: text/html; charset=utf-8"
Dec 27 10:15:28 symfony [info] {sfWebDebugLogger} Configuration 70.95 ms (14)
Dec 27 10:15:28 symfony [info] {sfWebDebugLogger} Factories 41.70 ms (1)
Dec 27 10:15:28 symfony [info] {sfWebDebugLogger} Action "job/new" 314.35 ms (1)
Dec 27 10:15:28 symfony [info] {sfWebDebugLogger} View "Success" for "job/new" 74.88 ms (1)
Dec 27 10:15:28 symfony [info] {sfWebDebugLogger} Partial "job/_form" 50.79 ms (1)
Dec 27 10:15:28 symfony [info] {sfWebDebugLogger} Database (Doctrine) 3.41 ms (7)
Dec 27 10:15:28 symfony [info] {sfWebResponse} Send content (62444 o)
Dec 27 10:18:40 symfony [info] {sfPatternRouting} Match route "job_new" (/:sf_culture/job/new.:sf_format) for /en/job/new with parameters array (  'module' => 'job',  'action' => 'new',  'sf_format' => 'html',  'sf_culture' => 'en',)
Dec 27 10:18:40 symfony [info] {sfFilterChain} Executing filter "sfRenderingFilter"
Dec 27 10:18:40 symfony [info] {sfFilterChain} Executing filter "sfCacheFilter"
Dec 27 10:18:40 symfony [info] {sfFilterChain} Executing filter "sfExecutionFilter"
Dec 27 10:18:40 symfony [info] {sfViewCacheManager} Cache for "job/new?sf_culture=en&sf_format=html" exists
Dec 27 10:18:40 symfony [info] {sfPHPView} Decorate content with "G:\development\jobeet\apps\frontend\templates/layout.php"
Dec 27 10:18:40 symfony [info] {sfPHPView} Render "G:\development\jobeet\apps\frontend\templates/layout.php"
Dec 27 10:18:40 symfony [info] {main} Get slot "title"
Dec 27 10:18:40 symfony [info] {Doctrine_Connection_Mysql} exec : SET NAMES 'UTF8' - ()
Dec 27 10:18:40 symfony [info] {Doctrine_Connection_Statement} execute : SELECT j.id AS j__id, j.category_id AS j__category_id, j.type AS j__type, j.company AS j__company, j.logo AS j__logo, j.url AS j__url, j.position AS j__position, j.location AS j__location, j.description AS j__description, j.how_to_apply AS j__how_to_apply, j.token AS j__token, j.is_public AS j__is_public, j.is_activated AS j__is_activated, j.email AS j__email, j.expires_at AS j__expires_at, j.created_at AS j__created_at, j.updated_at AS j__updated_at FROM jobeet_job j WHERE (j.id IN (?, ?, ?)) - (103, 89, 35)
Dec 27 10:18:40 symfony [info] {sfViewCacheManager} Generate cache key
Dec 27 10:18:40 symfony [info] {sfViewCacheManager} Cache for "@sf_cache_partial?module=language&action=_language&sf_cache_key=40cd750bba9870f18aada2478b24840a" exists
Dec 27 10:18:40 symfony [info] {sfWebResponse} Send status "HTTP/1.1 200 OK"
Dec 27 10:18:40 symfony [info] {sfWebResponse} Send header "Content-Type: text/html; charset=utf-8"
Dec 27 10:18:40 symfony [info] {sfWebDebugLogger} Configuration 4.12 ms (12)
Dec 27 10:18:40 symfony [info] {sfWebDebugLogger} Factories 36.48 ms (1)
Dec 27 10:18:40 symfony [info] {sfWebDebugLogger} Action "job/new" 0.37 ms (1)
Dec 27 10:18:40 symfony [info] {sfWebDebugLogger} View "Success" for "job/new" 51.43 ms (1)
Dec 27 10:18:40 symfony [info] {sfWebDebugLogger} Database (Doctrine) 1.07 ms (2)
Dec 27 10:18:41 symfony [info] {sfWebResponse} Send content (46258 o)
Dec 27 10:18:58 symfony [info] {sfPatternRouting} Match route "job_new" (/:sf_culture/job/new.:sf_format) for /en/job/new with parameters array (  'module' => 'job',  'action' => 'new',  'sf_format' => 'html',  'sf_culture' => 'en',)
Dec 27 10:18:58 symfony [info] {sfFilterChain} Executing filter "sfRenderingFilter"
Dec 27 10:18:58 symfony [info] {sfFilterChain} Executing filter "sfCacheFilter"
Dec 27 10:18:58 symfony [info] {sfFilterChain} Executing filter "sfExecutionFilter"
Dec 27 10:18:58 symfony [info] {jobActions} Call "jobActions->executeNew()"
Dec 27 10:18:58 symfony [info] {sfViewCacheManager} Cache for "job/new?sf_culture=en&sf_format=html" does not exist
Dec 27 10:18:58 symfony [info] {sfPHPView} Render "G:\development\jobeet\apps\frontend\modules/job/templates/newSuccess.php"
Dec 27 10:18:58 symfony [info] {sfPartialView} Render "G:\development\jobeet\apps\frontend\modules/job/templates/_form.php"
Dec 27 10:18:58 symfony [info] {Doctrine_Connection_Mysql} exec : SET NAMES 'UTF8' - ()
Dec 27 10:18:58 symfony [info] {Doctrine_Connection_Mysql} query : SELECT j.id AS j__id, j.created_at AS j__created_at, j.updated_at AS j__updated_at FROM jobeet_category j - ()
Dec 27 10:18:58 symfony [info] {Doctrine_Connection_Statement} execute : SELECT j.id AS j__id, j.name AS j__name, j.lang AS j__lang, j.slug AS j__slug FROM jobeet_category_translation j WHERE (j.id IN (?)) - (5)
Dec 27 10:18:58 symfony [info] {Doctrine_Connection_Statement} execute : SELECT j.id AS j__id, j.name AS j__name, j.lang AS j__lang, j.slug AS j__slug FROM jobeet_category_translation j WHERE (j.id IN (?)) - (6)
Dec 27 10:18:58 symfony [info] {Doctrine_Connection_Statement} execute : SELECT j.id AS j__id, j.name AS j__name, j.lang AS j__lang, j.slug AS j__slug FROM jobeet_category_translation j WHERE (j.id IN (?)) - (7)
Dec 27 10:18:58 symfony [info] {Doctrine_Connection_Statement} execute : SELECT j.id AS j__id, j.name AS j__name, j.lang AS j__lang, j.slug AS j__slug FROM jobeet_category_translation j WHERE (j.id IN (?)) - (8)
Dec 27 10:18:58 symfony [info] {sfViewCacheManager} Save cache for "job/new?sf_culture=en&sf_format=html"
Dec 27 10:18:58 symfony [info] {sfPHPView} Decorate content with "G:\development\jobeet\apps\frontend\templates/layout.php"
Dec 27 10:18:58 symfony [info] {sfPHPView} Render "G:\development\jobeet\apps\frontend\templates/layout.php"
Dec 27 10:18:58 symfony [info] {main} Get slot "title"
Dec 27 10:18:58 symfony [info] {Doctrine_Connection_Statement} execute : SELECT j.id AS j__id, j.category_id AS j__category_id, j.type AS j__type, j.company AS j__company, j.logo AS j__logo, j.url AS j__url, j.position AS j__position, j.location AS j__location, j.description AS j__description, j.how_to_apply AS j__how_to_apply, j.token AS j__token, j.is_public AS j__is_public, j.is_activated AS j__is_activated, j.email AS j__email, j.expires_at AS j__expires_at, j.created_at AS j__created_at, j.updated_at AS j__updated_at FROM jobeet_job j WHERE (j.id IN (?, ?, ?)) - (103, 89, 35)
Dec 27 10:18:58 symfony [info] {sfViewCacheManager} Generate cache key
Dec 27 10:18:58 symfony [info] {sfViewCacheManager} Cache for "@sf_cache_partial?module=language&action=_language&sf_cache_key=40cd750bba9870f18aada2478b24840a" does not exist
Dec 27 10:18:58 symfony [info] {main} Call "language->executeLanguage()"
Dec 27 10:18:58 symfony [info] {sfViewCacheManager} Cache for "@sf_cache_partial?module=language&action=_language&sf_cache_key=40cd750bba9870f18aada2478b24840a" does not exist
Dec 27 10:18:58 symfony [info] {sfPartialView} Render "G:\development\jobeet\apps\frontend\modules/language/templates/_language.php"
Dec 27 10:18:58 symfony [info] {sfViewCacheManager} Save cache for "@sf_cache_partial?module=language&action=_language&sf_cache_key=40cd750bba9870f18aada2478b24840a"
Dec 27 10:18:58 symfony [info] {sfWebResponse} Send status "HTTP/1.1 200 OK"
Dec 27 10:18:58 symfony [info] {sfWebResponse} Send header "Content-Type: text/html; charset=utf-8"
Dec 27 10:18:58 symfony [info] {sfWebDebugLogger} Configuration 183.28 ms (14)
Dec 27 10:18:58 symfony [info] {sfWebDebugLogger} Factories 93.32 ms (1)
Dec 27 10:18:58 symfony [info] {sfWebDebugLogger} Action "job/new" 112.08 ms (1)
Dec 27 10:18:58 symfony [info] {sfWebDebugLogger} View "Success" for "job/new" 112.21 ms (1)
Dec 27 10:18:58 symfony [info] {sfWebDebugLogger} Partial "job/_form" 41.39 ms (1)
Dec 27 10:18:58 symfony [info] {sfWebDebugLogger} Database (Doctrine) 3.53 ms (7)
Dec 27 10:18:58 symfony [info] {sfWebDebugLogger} Component "language/language" 6.61 ms (1)
Dec 27 10:18:58 symfony [info] {sfWebDebugLogger} Partial "language/_language" 7.90 ms (1)
Dec 27 10:18:58 symfony [info] {sfWebResponse} Send content (65318 o)
Dec 27 10:27:16 symfony [info] {sfPatternRouting} Match route "job_new" (/:sf_culture/job/new.:sf_format) for /en/job/new with parameters array (  'module' => 'job',  'action' => 'new',  'sf_format' => 'html',  'sf_culture' => 'en',)
Dec 27 10:27:16 symfony [info] {sfFilterChain} Executing filter "sfRenderingFilter"
Dec 27 10:27:16 symfony [info] {sfFilterChain} Executing filter "sfCacheFilter"
Dec 27 10:27:16 symfony [info] {sfFilterChain} Executing filter "sfExecutionFilter"
Dec 27 10:27:16 symfony [info] {sfViewCacheManager} Cache for "job/new?sf_culture=en&sf_format=html" exists
Dec 27 10:27:16 symfony [info] {sfPHPView} Decorate content with "G:\development\jobeet\apps\frontend\templates/layout.php"
Dec 27 10:27:16 symfony [info] {sfPHPView} Render "G:\development\jobeet\apps\frontend\templates/layout.php"
Dec 27 10:27:16 symfony [info] {main} Get slot "title"
Dec 27 10:27:16 symfony [info] {Doctrine_Connection_Mysql} exec : SET NAMES 'UTF8' - ()
Dec 27 10:27:16 symfony [info] {Doctrine_Connection_Statement} execute : SELECT j.id AS j__id, j.category_id AS j__category_id, j.type AS j__type, j.company AS j__company, j.logo AS j__logo, j.url AS j__url, j.position AS j__position, j.location AS j__location, j.description AS j__description, j.how_to_apply AS j__how_to_apply, j.token AS j__token, j.is_public AS j__is_public, j.is_activated AS j__is_activated, j.email AS j__email, j.expires_at AS j__expires_at, j.created_at AS j__created_at, j.updated_at AS j__updated_at FROM jobeet_job j WHERE (j.id IN (?, ?, ?)) - (103, 89, 35)
Dec 27 10:27:16 symfony [info] {sfViewCacheManager} Generate cache key
Dec 27 10:27:16 symfony [info] {sfViewCacheManager} Cache for "@sf_cache_partial?module=language&action=_language&sf_cache_key=40cd750bba9870f18aada2478b24840a" exists
Dec 27 10:27:16 symfony [info] {sfWebResponse} Send status "HTTP/1.1 200 OK"
Dec 27 10:27:16 symfony [info] {sfWebResponse} Send header "Content-Type: text/html; charset=utf-8"
Dec 27 10:27:16 symfony [info] {sfWebDebugLogger} Configuration 30.44 ms (13)
Dec 27 10:27:16 symfony [info] {sfWebDebugLogger} Factories 44.97 ms (1)
Dec 27 10:27:16 symfony [info] {sfWebDebugLogger} Action "job/new" 0.83 ms (1)
Dec 27 10:27:16 symfony [info] {sfWebDebugLogger} View "Success" for "job/new" 65.22 ms (1)
Dec 27 10:27:16 symfony [info] {sfWebDebugLogger} Database (Doctrine) 1.25 ms (2)
Dec 27 10:27:16 symfony [info] {sfWebResponse} Send content (46150 o)
Dec 27 10:27:17 symfony [info] {sfPatternRouting} Match route "homepage" (/) for / with parameters array (  'module' => 'job',  'action' => 'index',)
Dec 27 10:27:17 symfony [info] {sfFilterChain} Executing filter "sfRenderingFilter"
Dec 27 10:27:17 symfony [info] {sfFilterChain} Executing filter "sfCacheFilter"
Dec 27 10:27:17 symfony [info] {sfFilterChain} Executing filter "sfExecutionFilter"
Dec 27 10:27:17 symfony [info] {jobActions} Call "jobActions->executeIndex()"
Dec 27 10:27:17 symfony [info] {sfFrontWebController} Redirect to "http://jobeet.local/frontend_cache.php/en/"
Dec 27 10:27:17 symfony [info] {sfWebResponse} Send status "HTTP/1.1 302 Found"
Dec 27 10:27:17 symfony [info] {sfWebResponse} Send header "Location: http://jobeet.local/frontend_cache.php/en/"
Dec 27 10:27:17 symfony [info] {sfWebResponse} Send header "Content-Type: text/html; charset=utf-8"
Dec 27 10:27:17 symfony [info] {sfWebDebugLogger} Configuration 2.47 ms (9)
Dec 27 10:27:17 symfony [info] {sfWebDebugLogger} Factories 39.80 ms (1)
Dec 27 10:27:17 symfony [info] {sfWebDebugLogger} Action "job/index" 0.43 ms (1)
Dec 27 10:27:17 symfony [info] {sfWebResponse} Send content (113 o)
Dec 27 10:27:17 symfony [info] {sfPatternRouting} Match route "localized_homepage" (/:sf_culture/) for /en/ with parameters array (  'module' => 'job',  'action' => 'index',  'sf_culture' => 'en',)
Dec 27 10:27:17 symfony [info] {sfFilterChain} Executing filter "sfRenderingFilter"
Dec 27 10:27:17 symfony [info] {sfFilterChain} Executing filter "sfCacheFilter"
Dec 27 10:27:17 symfony [info] {sfFilterChain} Executing filter "sfExecutionFilter"
Dec 27 10:27:17 symfony [info] {jobActions} Call "jobActions->executeIndex()"
Dec 27 10:27:17 symfony [info] {Doctrine_Connection_Mysql} exec : SET NAMES 'UTF8' - ()
Dec 27 10:27:17 symfony [info] {Doctrine_Connection_Statement} execute : SELECT j.id AS j__id, j.created_at AS j__created_at, j.updated_at AS j__updated_at, j2.id AS j2__id, j2.category_id AS j2__category_id, j2.type AS j2__type, j2.company AS j2__company, j2.logo AS j2__logo, j2.url AS j2__url, j2.position AS j2__position, j2.location AS j2__location, j2.description AS j2__description, j2.how_to_apply AS j2__how_to_apply, j2.token AS j2__token, j2.is_public AS j2__is_public, j2.is_activated AS j2__is_activated, j2.email AS j2__email, j2.expires_at AS j2__expires_at, j2.created_at AS j2__created_at, j2.updated_at AS j2__updated_at FROM jobeet_category j LEFT JOIN jobeet_job j2 ON j.id = j2.category_id WHERE (j2.expires_at > ?) - (2021-12-27 10:27:17)
Dec 27 10:27:17 symfony [info] {sfViewCacheManager} Cache for "job/index?sf_culture=en" does not exist
Dec 27 10:27:17 symfony [info] {sfPHPView} Render "G:\development\jobeet\apps\frontend\modules/job/templates/indexSuccess.php"
Dec 27 10:27:17 symfony [info] {Doctrine_Connection_Statement} execute : SELECT j.id AS j__id, j.name AS j__name, j.lang AS j__lang, j.slug AS j__slug FROM jobeet_category_translation j WHERE (j.id IN (?)) - (5)
Dec 27 10:27:17 symfony [info] {Doctrine_Connection_Statement} execute : SELECT j.id AS j__id, j.category_id AS j__category_id, j.type AS j__type, j.company AS j__company, j.logo AS j__logo, j.url AS j__url, j.position AS j__position, j.location AS j__location, j.description AS j__description, j.how_to_apply AS j__how_to_apply, j.token AS j__token, j.is_public AS j__is_public, j.is_activated AS j__is_activated, j.email AS j__email, j.expires_at AS j__expires_at, j.created_at AS j__created_at, j.updated_at AS j__updated_at FROM jobeet_job j WHERE (j.category_id = ? AND j.is_activated = ?) LIMIT 2 - (5, 1)
Dec 27 10:27:17 symfony [info] {sfPartialView} Render "G:\development\jobeet\apps\frontend\modules/job/templates/_list.php"
Dec 27 10:27:17 symfony [info] {Doctrine_Connection_Statement} execute : SELECT COUNT(*) AS num_results FROM jobeet_job j WHERE j.category_id = ? AND j.is_activated = ? - (5, 1)
Dec 27 10:27:17 symfony [info] {sfViewCacheManager} Save cache for "job/index?sf_culture=en"
Dec 27 10:27:17 symfony [info] {sfPHPView} Decorate content with "G:\development\jobeet\apps\frontend\templates/layout.php"
Dec 27 10:27:17 symfony [info] {sfPHPView} Render "G:\development\jobeet\apps\frontend\templates/layout.php"
Dec 27 10:27:17 symfony [info] {main} Get slot "title"
Dec 27 10:27:17 symfony [info] {Doctrine_Connection_Statement} execute : SELECT j.id AS j__id, j.category_id AS j__category_id, j.type AS j__type, j.company AS j__company, j.logo AS j__logo, j.url AS j__url, j.position AS j__position, j.location AS j__location, j.description AS j__description, j.how_to_apply AS j__how_to_apply, j.token AS j__token, j.is_public AS j__is_public, j.is_activated AS j__is_activated, j.email AS j__email, j.expires_at AS j__expires_at, j.created_at AS j__created_at, j.updated_at AS j__updated_at FROM jobeet_job j WHERE (j.id IN (?, ?, ?)) - (103, 89, 35)
Dec 27 10:27:17 symfony [info] {sfViewCacheManager} Generate cache key
Dec 27 10:27:17 symfony [info] {sfViewCacheManager} Cache for "@sf_cache_partial?module=language&action=_language&sf_cache_key=40cd750bba9870f18aada2478b24840a" exists
Dec 27 10:27:17 symfony [info] {sfWebResponse} Send status "HTTP/1.1 200 OK"
Dec 27 10:27:17 symfony [info] {sfWebResponse} Send header "Content-Type: text/html; charset=utf-8"
Dec 27 10:27:17 symfony [info] {sfWebDebugLogger} Configuration 74.11 ms (14)
Dec 27 10:27:17 symfony [info] {sfWebDebugLogger} Factories 33.28 ms (1)
Dec 27 10:27:17 symfony [info] {sfWebDebugLogger} Action "job/index" 137.22 ms (1)
Dec 27 10:27:17 symfony [info] {sfWebDebugLogger} Database (Doctrine) 4.25 ms (6)
Dec 27 10:27:17 symfony [info] {sfWebDebugLogger} View "Success" for "job/index" 43.19 ms (1)
Dec 27 10:27:17 symfony [info] {sfWebDebugLogger} Partial "job/_list" 1.18 ms (1)
Dec 27 10:27:17 symfony [info] {sfWebResponse} Send content (58042 o)
